/Library/Frameworks/Python.framework/Versions/3.14/lib/python3.14/site-packages/vertexai/generative_models/_generative_models.py:433: UserWarning: This feature is deprecated as of June 24, 2025 and will be removed on June 24, 2026. For details, see https://cloud.google.com/vertex-ai/generative-ai/docs/deprecations/genai-vertexai-sdk.
  warning_logs.show_deprecation_warning()

[1] Recuperación + generación sobre evaluacion/preguntas.csv
🔌 Conectando a Vertex AI en tutor-unis...
📂 Documentos abiertos: (sin configurar OPEN_DATA_STORE_ID todavía)
⚠️ No se pudo firmar gs://tutor-unis/corpusmedicarama/Menopausia/Bloque I_Introducción.pdf: you need a private key to sign credentials.the credentials you are currently using <class 'google.oauth2.credentials.Credentials'> just contains a token. see https://googleapis.dev/python/google-api-core/latest/auth.html#setting-up-a-service-account for more details.
⚠️ No se pudo firmar gs://tutor-unis/corpusmedicarama/Menopausia/Bloque IV_Síntomas durante la menopausia.pdf: you need a private key to sign credentials.the credentials you are currently using <class 'google.oauth2.credentials.Credentials'> just contains a token. see https://googleapis.dev/python/google-api-core/latest/auth.html#setting-up-a-service-account for more details.
⚠️ No se pudo firmar gs://tutor-unis/corpusmedicarama/Menopausia/Bloque II_Aspectos fisiológicos de la menopausia.pdf: you need a private key to sign credentials.the credentials you are currently using <class 'google.oauth2.credentials.Credentials'> just contains a token. see https://googleapis.dev/python/google-api-core/latest/auth.html#setting-up-a-service-account for more details.
⚠️ No se pudo firmar gs://tutor-unis/corpusmedicarama/Menopausia/Bloque III_Epidemiología.pdf: you need a private key to sign credentials.the credentials you are currently using <class 'google.oauth2.credentials.Credentials'> just contains a token. see https://googleapis.dev/python/google-api-core/latest/auth.html#setting-up-a-service-account for more details.
⚠️ No se pudo firmar gs://tutor-unis/corpusmedicarama/Menopausia/Bloque VI_Aspectos psicológicos de la menopausia.pdf: you need a private key to sign credentials.the credentials you are currently using <class 'google.oauth2.credentials.Credentials'> just contains a token. see https://googleapis.dev/python/google-api-core/latest/auth.html#setting-up-a-service-account for more details.
⚠️ No se pudo firmar gs://tutor-unis/corpusmedicarama/Menopausia/Bloque IX_Menopausia y sociedad.pdf: you need a private key to sign credentials.the credentials you are currently using <class 'google.oauth2.credentials.Credentials'> just contains a token. see https://googleapis.dev/python/google-api-core/latest/auth.html#setting-up-a-service-account for more details.
⚠️ No se pudo firmar gs://tutor-unis/corpusmedicarama/Menopausia/Bloque VII_Menopausia y sexualidad.pdf: you need a private key to sign credentials.the credentials you are currently using <class 'google.oauth2.credentials.Credentials'> just contains a token. see https://googleapis.dev/python/google-api-core/latest/auth.html#setting-up-a-service-account for more details.
⚠️ No se pudo firmar gs://tutor-unis/corpusmedicarama/Menopausia/Bloque V_Menopausia y estilo de vida.pdf: you need a private key to sign credentials.the credentials you are currently using <class 'google.oauth2.credentials.Credentials'> just contains a token. see https://googleapis.dev/python/google-api-core/latest/auth.html#setting-up-a-service-account for more details.
  P01      fuentes=8 hit=1 t_recup=1.904s
⚠️ No se pudo firmar gs://tutor-unis/corpusmedicarama/Menopausia/Bloque IV_Síntomas durante la menopausia.pdf: you need a private key to sign credentials.the credentials you are currently using <class 'google.oauth2.credentials.Credentials'> just contains a token. see https://googleapis.dev/python/google-api-core/latest/auth.html#setting-up-a-service-account for more details.
⚠️ No se pudo firmar gs://tutor-unis/corpusmedicarama/Menopausia/Bloque V_Menopausia y estilo de vida.pdf: you need a private key to sign credentials.the credentials you are currently using <class 'google.oauth2.credentials.Credentials'> just contains a token. see https://googleapis.dev/python/google-api-core/latest/auth.html#setting-up-a-service-account for more details.
⚠️ No se pudo firmar gs://tutor-unis/corpusmedicarama/Menopausia/Bloque III_Epidemiología.pdf: you need a private key to sign credentials.the credentials you are currently using <class 'google.oauth2.credentials.Credentials'> just contains a token. see https://googleapis.dev/python/google-api-core/latest/auth.html#setting-up-a-service-account for more details.
⚠️ No se pudo firmar gs://tutor-unis/corpusmedicarama/Menopausia/Bloque VI_Aspectos psicológicos de la menopausia.pdf: you need a private key to sign credentials.the credentials you are currently using <class 'google.oauth2.credentials.Credentials'> just contains a token. see https://googleapis.dev/python/google-api-core/latest/auth.html#setting-up-a-service-account for more details.
⚠️ No se pudo firmar gs://tutor-unis/corpusmedicarama/Menopausia/Bloque II_Aspectos fisiológicos de la menopausia.pdf: you need a private key to sign credentials.the credentials you are currently using <class 'google.oauth2.credentials.Credentials'> just contains a token. see https://googleapis.dev/python/google-api-core/latest/auth.html#setting-up-a-service-account for more details.
⚠️ No se pudo firmar gs://tutor-unis/corpusmedicarama/Menopausia/Bloque I_Introducción.pdf: you need a private key to sign credentials.the credentials you are currently using <class 'google.oauth2.credentials.Credentials'> just contains a token. see https://googleapis.dev/python/google-api-core/latest/auth.html#setting-up-a-service-account for more details.
⚠️ No se pudo firmar gs://tutor-unis/corpusmedicarama/Menopausia/Bloque VII_Menopausia y sexualidad.pdf: you need a private key to sign credentials.the credentials you are currently using <class 'google.oauth2.credentials.Credentials'> just contains a token. see https://googleapis.dev/python/google-api-core/latest/auth.html#setting-up-a-service-account for more details.
  P02      fuentes=7 hit=0 t_recup=0.294s
⚠️ No se pudo firmar gs://tutor-unis/corpusmedicarama/Menopausia/Bloque VII_Menopausia y sexualidad.pdf: you need a private key to sign credentials.the credentials you are currently using <class 'google.oauth2.credentials.Credentials'> just contains a token. see https://googleapis.dev/python/google-api-core/latest/auth.html#setting-up-a-service-account for more details.
  P03      fuentes=1 hit=1 t_recup=0.321s
⚠️ No se pudo firmar gs://tutor-unis/corpusmedicarama/Menopausia/Bloque II_Aspectos fisiológicos de la menopausia.pdf: you need a private key to sign credentials.the credentials you are currently using <class 'google.oauth2.credentials.Credentials'> just contains a token. see https://googleapis.dev/python/google-api-core/latest/auth.html#setting-up-a-service-account for more details.
⚠️ No se pudo firmar gs://tutor-unis/corpusmedicarama/Menopausia/Bloque VI_Aspectos psicológicos de la menopausia.pdf: you need a private key to sign credentials.the credentials you are currently using <class 'google.oauth2.credentials.Credentials'> just contains a token. see https://googleapis.dev/python/google-api-core/latest/auth.html#setting-up-a-service-account for more details.
⚠️ No se pudo firmar gs://tutor-unis/corpusmedicarama/Menopausia/Bloque I_Introducción.pdf: you need a private key to sign credentials.the credentials you are currently using <class 'google.oauth2.credentials.Credentials'> just contains a token. see https://googleapis.dev/python/google-api-core/latest/auth.html#setting-up-a-service-account for more details.
⚠️ No se pudo firmar gs://tutor-unis/corpusmedicarama/Menopausia/Bloque IV_Síntomas durante la menopausia.pdf: you need a private key to sign credentials.the credentials you are currently using <class 'google.oauth2.credentials.Credentials'> just contains a token. see https://googleapis.dev/python/google-api-core/latest/auth.html#setting-up-a-service-account for more details.
⚠️ No se pudo firmar gs://tutor-unis/corpusmedicarama/Menopausia/Bloque IX_Menopausia y sociedad.pdf: you need a private key to sign credentials.the credentials you are currently using <class 'google.oauth2.credentials.Credentials'> just contains a token. see https://googleapis.dev/python/google-api-core/latest/auth.html#setting-up-a-service-account for more details.
⚠️ No se pudo firmar gs://tutor-unis/corpusmedicarama/Menopausia/Bloque VII_Menopausia y sexualidad.pdf: you need a private key to sign credentials.the credentials you are currently using <class 'google.oauth2.credentials.Credentials'> just contains a token. see https://googleapis.dev/python/google-api-core/latest/auth.html#setting-up-a-service-account for more details.
⚠️ No se pudo firmar gs://tutor-unis/corpusmedicarama/Menopausia/Bloque V_Menopausia y estilo de vida.pdf: you need a private key to sign credentials.the credentials you are currently using <class 'google.oauth2.credentials.Credentials'> just contains a token. see https://googleapis.dev/python/google-api-core/latest/auth.html#setting-up-a-service-account for more details.
⚠️ No se pudo firmar gs://tutor-unis/corpusmedicarama/Menopausia/Bloque VIII_Tratamiento disfunción pelvi-perineal.pdf: you need a private key to sign credentials.the credentials you are currently using <class 'google.oauth2.credentials.Credentials'> just contains a token. see https://googleapis.dev/python/google-api-core/latest/auth.html#setting-up-a-service-account for more details.
  P04      fuentes=8 hit=1 t_recup=0.391s
⚠️ No se pudo firmar gs://tutor-unis/corpusmedicarama/Cuidados Intensivos Cardiovasculares/Curso UCI-Cardio.pdf: you need a private key to sign credentials.the credentials you are currently using <class 'google.oauth2.credentials.Credentials'> just contains a token. see https://googleapis.dev/python/google-api-core/latest/auth.html#setting-up-a-service-account for more details.
⚠️ No se pudo firmar gs://tutor-unis/corpusmedicarama/Cuidados Intensivos Cardiovasculares/Curso UCI-Cardio_compressed.pdf: you need a private key to sign credentials.the credentials you are currently using <class 'google.oauth2.credentials.Credentials'> just contains a token. see https://googleapis.dev/python/google-api-core/latest/auth.html#setting-up-a-service-account for more details.
⚠️ No se pudo firmar gs://tutor-unis/corpusmedicarama/Cuidados Intensivos Cardiovasculares/Curso UCICARDIO.pdf: you need a private key to sign credentials.the credentials you are currently using <class 'google.oauth2.credentials.Credentials'> just contains a token. see https://googleapis.dev/python/google-api-core/latest/auth.html#setting-up-a-service-account for more details.
  P05      fuentes=3 hit=0 t_recup=0.242s
⚠️ No se pudo firmar gs://tutor-unis/corpusmedicarama/Cuidados Intensivos Cardiovasculares/Curso UCI-Cardio.pdf: you need a private key to sign credentials.the credentials you are currently using <class 'google.oauth2.credentials.Credentials'> just contains a token. see https://googleapis.dev/python/google-api-core/latest/auth.html#setting-up-a-service-account for more details.
⚠️ No se pudo firmar gs://tutor-unis/corpusmedicarama/Cuidados Intensivos Cardiovasculares/Curso UCI-Cardio_compressed.pdf: you need a private key to sign credentials.the credentials you are currently using <class 'google.oauth2.credentials.Credentials'> just contains a token. see https://googleapis.dev/python/google-api-core/latest/auth.html#setting-up-a-service-account for more details.
⚠️ No se pudo firmar gs://tutor-unis/corpusmedicarama/Cuidados Intensivos Cardiovasculares/Curso UCICARDIO.pdf: you need a private key to sign credentials.the credentials you are currently using <class 'google.oauth2.credentials.Credentials'> just contains a token. see https://googleapis.dev/python/google-api-core/latest/auth.html#setting-up-a-service-account for more details.
  P06      fuentes=3 hit=0 t_recup=0.288s
⚠️ No se pudo firmar gs://tutor-unis/corpusmedicarama/Cuidados Intensivos Cardiovasculares/Curso UCICARDIO.pdf: you need a private key to sign credentials.the credentials you are currently using <class 'google.oauth2.credentials.Credentials'> just contains a token. see https://googleapis.dev/python/google-api-core/latest/auth.html#setting-up-a-service-account for more details.
⚠️ No se pudo firmar gs://tutor-unis/corpusmedicarama/Cuidados Intensivos Cardiovasculares/Curso UCI-Cardio.pdf: you need a private key to sign credentials.the credentials you are currently using <class 'google.oauth2.credentials.Credentials'> just contains a token. see https://googleapis.dev/python/google-api-core/latest/auth.html#setting-up-a-service-account for more details.
⚠️ No se pudo firmar gs://tutor-unis/corpusmedicarama/Cuidados Intensivos Cardiovasculares/Curso UCI-Cardio_compressed.pdf: you need a private key to sign credentials.the credentials you are currently using <class 'google.oauth2.credentials.Credentials'> just contains a token. see https://googleapis.dev/python/google-api-core/latest/auth.html#setting-up-a-service-account for more details.
  P07      fuentes=3 hit=0 t_recup=0.266s
⚠️ No se pudo firmar gs://tutor-unis/corpusmedicarama/Emergencias en la práctica deportiva/EMERGENCIAS_DEPORTE.pdf: you need a private key to sign credentials.the credentials you are currently using <class 'google.oauth2.credentials.Credentials'> just contains a token. see https://googleapis.dev/python/google-api-core/latest/auth.html#setting-up-a-service-account for more details.
  P08      fuentes=1 hit=0 t_recup=0.314s
⚠️ No se pudo firmar gs://tutor-unis/corpusmedicarama/Emergencias en la práctica deportiva/EMERGENCIAS_DEPORTE.pdf: you need a private key to sign credentials.the credentials you are currently using <class 'google.oauth2.credentials.Credentials'> just contains a token. see https://googleapis.dev/python/google-api-core/latest/auth.html#setting-up-a-service-account for more details.
  P09      fuentes=1 hit=0 t_recup=0.247s
⚠️ No se pudo firmar gs://tutor-unis/corpusmedicarama/Ejercicio Terapéutico para Fisioterapeutas/DOCUMENTACION.pdf: you need a private key to sign credentials.the credentials you are currently using <class 'google.oauth2.credentials.Credentials'> just contains a token. see https://googleapis.dev/python/google-api-core/latest/auth.html#setting-up-a-service-account for more details.
⚠️ No se pudo firmar gs://tutor-unis/corpusmedicarama/Ejercicio Terapéutico para Fisioterapeutas/EJERCICIO_TERAPÉUTICO_FISIOS.pdf: you need a private key to sign credentials.the credentials you are currently using <class 'google.oauth2.credentials.Credentials'> just contains a token. see https://googleapis.dev/python/google-api-core/latest/auth.html#setting-up-a-service-account for more details.
  P10      fuentes=2 hit=0 t_recup=0.274s
  P11      fuentes=0 hit=0 t_recup=0.153s
⚠️ No se pudo firmar gs://tutor-unis/corpusmedicarama/Traumatismos y lesiones del sistema músculo-esqueletico en urgencias/8.3 Traumatismos y lesiones.pdf: you need a private key to sign credentials.the credentials you are currently using <class 'google.oauth2.credentials.Credentials'> just contains a token. see https://googleapis.dev/python/google-api-core/latest/auth.html#setting-up-a-service-account for more details.
⚠️ No se pudo firmar gs://tutor-unis/corpusmedicarama/Traumatismos y lesiones del sistema músculo-esqueletico en urgencias/Curso TRAUE.pdf: you need a private key to sign credentials.the credentials you are currently using <class 'google.oauth2.credentials.Credentials'> just contains a token. see https://googleapis.dev/python/google-api-core/latest/auth.html#setting-up-a-service-account for more details.
  P12      fuentes=2 hit=0 t_recup=0.235s
⚠️ No se pudo firmar gs://tutor-unis/corpusmedicarama/Traumatismos y lesiones del sistema músculo-esqueletico en urgencias/Curso TRAUE.pdf: you need a private key to sign credentials.the credentials you are currently using <class 'google.oauth2.credentials.Credentials'> just contains a token. see https://googleapis.dev/python/google-api-core/latest/auth.html#setting-up-a-service-account for more details.
⚠️ No se pudo firmar gs://tutor-unis/corpusmedicarama/Traumatismos y lesiones del sistema músculo-esqueletico en urgencias/8.3 Traumatismos y lesiones.pdf: you need a private key to sign credentials.the credentials you are currently using <class 'google.oauth2.credentials.Credentials'> just contains a token. see https://googleapis.dev/python/google-api-core/latest/auth.html#setting-up-a-service-account for more details.
  P13      fuentes=2 hit=1 t_recup=0.331s
⚠️ No se pudo firmar gs://tutor-unis/corpusmedicarama/Primeros Auxilios/Primeros auxilios medicarama.pdf: you need a private key to sign credentials.the credentials you are currently using <class 'google.oauth2.credentials.Credentials'> just contains a token. see https://googleapis.dev/python/google-api-core/latest/auth.html#setting-up-a-service-account for more details.
⚠️ No se pudo firmar gs://tutor-unis/corpusmedicarama/Primeros Auxilios/CURSO_PRIMEROS AUXILIOS.pdf: you need a private key to sign credentials.the credentials you are currently using <class 'google.oauth2.credentials.Credentials'> just contains a token. see https://googleapis.dev/python/google-api-core/latest/auth.html#setting-up-a-service-account for more details.
  P14      fuentes=2 hit=0 t_recup=0.247s
⚠️ No se pudo firmar gs://tutor-unis/corpusmedicarama/Primeros Auxilios/CURSO_PRIMEROS AUXILIOS.pdf: you need a private key to sign credentials.the credentials you are currently using <class 'google.oauth2.credentials.Credentials'> just contains a token. see https://googleapis.dev/python/google-api-core/latest/auth.html#setting-up-a-service-account for more details.
⚠️ No se pudo firmar gs://tutor-unis/corpusmedicarama/Primeros Auxilios/Primeros auxilios medicarama.pdf: you need a private key to sign credentials.the credentials you are currently using <class 'google.oauth2.credentials.Credentials'> just contains a token. see https://googleapis.dev/python/google-api-core/latest/auth.html#setting-up-a-service-account for more details.
  P15      fuentes=2 hit=0 t_recup=0.329s
⚠️ No se pudo firmar gs://tutor-unis/corpusmedicarama/Primeros Auxilios/Primeros auxilios medicarama.pdf: you need a private key to sign credentials.the credentials you are currently using <class 'google.oauth2.credentials.Credentials'> just contains a token. see https://googleapis.dev/python/google-api-core/latest/auth.html#setting-up-a-service-account for more details.
⚠️ No se pudo firmar gs://tutor-unis/corpusmedicarama/Primeros Auxilios/CURSO_PRIMEROS AUXILIOS.pdf: you need a private key to sign credentials.the credentials you are currently using <class 'google.oauth2.credentials.Credentials'> just contains a token. see https://googleapis.dev/python/google-api-core/latest/auth.html#setting-up-a-service-account for more details.
  P16      fuentes=2 hit=0 t_recup=0.256s
⚠️ No se pudo firmar gs://tutor-unis/corpusmedicarama/Patología Crítica en Pediatría/DOCUMENTACIÓN_COMPLETA_PCP.pdf: you need a private key to sign credentials.the credentials you are currently using <class 'google.oauth2.credentials.Credentials'> just contains a token. see https://googleapis.dev/python/google-api-core/latest/auth.html#setting-up-a-service-account for more details.
  P17      fuentes=1 hit=0 t_recup=0.203s
⚠️ No se pudo firmar gs://tutor-unis/corpusmedicarama/Patología Crítica en Pediatría/DOCUMENTACIÓN_COMPLETA_PCP.pdf: you need a private key to sign credentials.the credentials you are currently using <class 'google.oauth2.credentials.Credentials'> just contains a token. see https://googleapis.dev/python/google-api-core/latest/auth.html#setting-up-a-service-account for more details.
  P18      fuentes=1 hit=0 t_recup=0.21s
⚠️ No se pudo firmar gs://tutor-unis/corpusmedicarama/Patología Crítica en Pediatría/DOCUMENTACIÓN_COMPLETA_PCP.pdf: you need a private key to sign credentials.the credentials you are currently using <class 'google.oauth2.credentials.Credentials'> just contains a token. see https://googleapis.dev/python/google-api-core/latest/auth.html#setting-up-a-service-account for more details.
  P19      fuentes=1 hit=0 t_recup=0.202s
⚠️ No se pudo firmar gs://tutor-unis/corpusmedicarama/Movilización - Inmovilización paciente politraumatizado/INMOVILIZACIÓN PACIENTE POLITRAUMATIZADO.pdf: you need a private key to sign credentials.the credentials you are currently using <class 'google.oauth2.credentials.Credentials'> just contains a token. see https://googleapis.dev/python/google-api-core/latest/auth.html#setting-up-a-service-account for more details.
⚠️ No se pudo firmar gs://tutor-unis/corpusmedicarama/Movilización - Inmovilización paciente politraumatizado/DISPOSITIVOS PACIENTE POLITRAUMATIZADO.pdf: you need a private key to sign credentials.the credentials you are currently using <class 'google.oauth2.credentials.Credentials'> just contains a token. see https://googleapis.dev/python/google-api-core/latest/auth.html#setting-up-a-service-account for more details.
  P20      fuentes=2 hit=0 t_recup=0.276s
⚠️ No se pudo firmar gs://tutor-unis/corpusmedicarama/Movilización - Inmovilización paciente politraumatizado/INMOVILIZACIÓN PACIENTE POLITRAUMATIZADO.pdf: you need a private key to sign credentials.the credentials you are currently using <class 'google.oauth2.credentials.Credentials'> just contains a token. see https://googleapis.dev/python/google-api-core/latest/auth.html#setting-up-a-service-account for more details.
⚠️ No se pudo firmar gs://tutor-unis/corpusmedicarama/Movilización - Inmovilización paciente politraumatizado/DISPOSITIVOS PACIENTE POLITRAUMATIZADO.pdf: you need a private key to sign credentials.the credentials you are currently using <class 'google.oauth2.credentials.Credentials'> just contains a token. see https://googleapis.dev/python/google-api-core/latest/auth.html#setting-up-a-service-account for more details.
  P21      fuentes=2 hit=0 t_recup=0.214s
⚠️ No se pudo firmar gs://tutor-unis/corpusmedicarama/Movilización - Inmovilización paciente politraumatizado/INMOVILIZACIÓN PACIENTE POLITRAUMATIZADO.pdf: you need a private key to sign credentials.the credentials you are currently using <class 'google.oauth2.credentials.Credentials'> just contains a token. see https://googleapis.dev/python/google-api-core/latest/auth.html#setting-up-a-service-account for more details.
⚠️ No se pudo firmar gs://tutor-unis/corpusmedicarama/Movilización - Inmovilización paciente politraumatizado/DISPOSITIVOS PACIENTE POLITRAUMATIZADO.pdf: you need a private key to sign credentials.the credentials you are currently using <class 'google.oauth2.credentials.Credentials'> just contains a token. see https://googleapis.dev/python/google-api-core/latest/auth.html#setting-up-a-service-account for more details.
  P22      fuentes=2 hit=0 t_recup=0.244s
⚠️ No se pudo firmar gs://tutor-unis/corpusmedicarama/Anestesia en Situaciones Especiales/DOUMENTACIÓN_COMPLETA_ASE.pdf: you need a private key to sign credentials.the credentials you are currently using <class 'google.oauth2.credentials.Credentials'> just contains a token. see https://googleapis.dev/python/google-api-core/latest/auth.html#setting-up-a-service-account for more details.
  P23      fuentes=1 hit=1 t_recup=0.209s
⚠️ No se pudo firmar gs://tutor-unis/corpusmedicarama/Anestesia en Situaciones Especiales/DOUMENTACIÓN_COMPLETA_ASE.pdf: you need a private key to sign credentials.the credentials you are currently using <class 'google.oauth2.credentials.Credentials'> just contains a token. see https://googleapis.dev/python/google-api-core/latest/auth.html#setting-up-a-service-account for more details.
  P24      fuentes=1 hit=1 t_recup=0.207s
  P25      fuentes=0 hit=0 t_recup=0.143s
⚠️ No se pudo firmar gs://tutor-unis/corpusmedicarama/Atención ginecológica a la mujer en edad reproductiva /ATG_ACTUALIZADO.pdf: you need a private key to sign credentials.the credentials you are currently using <class 'google.oauth2.credentials.Credentials'> just contains a token. see https://googleapis.dev/python/google-api-core/latest/auth.html#setting-up-a-service-account for more details.
⚠️ No se pudo firmar gs://tutor-unis/corpusmedicarama/Atención ginecológica a la mujer en edad reproductiva /Curso ATG.pdf: you need a private key to sign credentials.the credentials you are currently using <class 'google.oauth2.credentials.Credentials'> just contains a token. see https://googleapis.dev/python/google-api-core/latest/auth.html#setting-up-a-service-account for more details.
⚠️ No se pudo firmar gs://tutor-unis/corpusmedicarama/Atención ginecológica a la mujer en edad reproductiva /DOCUMENTACION_MAQUETADA_ATG.pdf: you need a private key to sign credentials.the credentials you are currently using <class 'google.oauth2.credentials.Credentials'> just contains a token. see https://googleapis.dev/python/google-api-core/latest/auth.html#setting-up-a-service-account for more details.
  P26      fuentes=3 hit=0 t_recup=0.273s
⚠️ No se pudo firmar gs://tutor-unis/corpusmedicarama/Atención ginecológica a la mujer en edad reproductiva /Curso ATG.pdf: you need a private key to sign credentials.the credentials you are currently using <class 'google.oauth2.credentials.Credentials'> just contains a token. see https://googleapis.dev/python/google-api-core/latest/auth.html#setting-up-a-service-account for more details.
⚠️ No se pudo firmar gs://tutor-unis/corpusmedicarama/Atención ginecológica a la mujer en edad reproductiva /DOCUMENTACION_MAQUETADA_ATG.pdf: you need a private key to sign credentials.the credentials you are currently using <class 'google.oauth2.credentials.Credentials'> just contains a token. see https://googleapis.dev/python/google-api-core/latest/auth.html#setting-up-a-service-account for more details.
⚠️ No se pudo firmar gs://tutor-unis/corpusmedicarama/Atención ginecológica a la mujer en edad reproductiva /ATG_ACTUALIZADO.pdf: you need a private key to sign credentials.the credentials you are currently using <class 'google.oauth2.credentials.Credentials'> just contains a token. see https://googleapis.dev/python/google-api-core/latest/auth.html#setting-up-a-service-account for more details.
  P27      fuentes=3 hit=0 t_recup=0.241s
⚠️ No se pudo firmar gs://tutor-unis/corpusmedicarama/Atención Integral al Paciente con Diabetes Mellitus/nuevo Atención integral al paciente con diabetes mellitus (DIA).pdf: you need a private key to sign credentials.the credentials you are currently using <class 'google.oauth2.credentials.Credentials'> just contains a token. see https://googleapis.dev/python/google-api-core/latest/auth.html#setting-up-a-service-account for more details.
⚠️ No se pudo firmar gs://tutor-unis/corpusmedicarama/Atención Integral al Paciente con Diabetes Mellitus/viejo DIA.pdf: you need a private key to sign credentials.the credentials you are currently using <class 'google.oauth2.credentials.Credentials'> just contains a token. see https://googleapis.dev/python/google-api-core/latest/auth.html#setting-up-a-service-account for more details.
⚠️ No se pudo firmar gs://tutor-unis/corpusmedicarama/Atención Integral al Paciente con Diabetes Mellitus/DOCUMENTACION_DIA_OK.pdf: you need a private key to sign credentials.the credentials you are currently using <class 'google.oauth2.credentials.Credentials'> just contains a token. see https://googleapis.dev/python/google-api-core/latest/auth.html#setting-up-a-service-account for more details.
  P28      fuentes=3 hit=0 t_recup=0.29s
⚠️ No se pudo firmar gs://tutor-unis/corpusmedicarama/Atención Integral al Paciente con Diabetes Mellitus/nuevo Atención integral al paciente con diabetes mellitus (DIA).pdf: you need a private key to sign credentials.the credentials you are currently using <class 'google.oauth2.credentials.Credentials'> just contains a token. see https://googleapis.dev/python/google-api-core/latest/auth.html#setting-up-a-service-account for more details.
⚠️ No se pudo firmar gs://tutor-unis/corpusmedicarama/Atención Integral al Paciente con Diabetes Mellitus/viejo DIA.pdf: you need a private key to sign credentials.the credentials you are currently using <class 'google.oauth2.credentials.Credentials'> just contains a token. see https://googleapis.dev/python/google-api-core/latest/auth.html#setting-up-a-service-account for more details.
⚠️ No se pudo firmar gs://tutor-unis/corpusmedicarama/Atención Integral al Paciente con Diabetes Mellitus/DOCUMENTACION_DIA_OK.pdf: you need a private key to sign credentials.the credentials you are currently using <class 'google.oauth2.credentials.Credentials'> just contains a token. see https://googleapis.dev/python/google-api-core/latest/auth.html#setting-up-a-service-account for more details.
  P29      fuentes=3 hit=1 t_recup=0.263s
⚠️ No se pudo firmar gs://tutor-unis/corpusmedicarama/Atención Integral al Paciente con Diabetes Mellitus/viejo DIA.pdf: you need a private key to sign credentials.the credentials you are currently using <class 'google.oauth2.credentials.Credentials'> just contains a token. see https://googleapis.dev/python/google-api-core/latest/auth.html#setting-up-a-service-account for more details.
⚠️ No se pudo firmar gs://tutor-unis/corpusmedicarama/Atención Integral al Paciente con Diabetes Mellitus/DOCUMENTACION_DIA_OK.pdf: you need a private key to sign credentials.the credentials you are currently using <class 'google.oauth2.credentials.Credentials'> just contains a token. see https://googleapis.dev/python/google-api-core/latest/auth.html#setting-up-a-service-account for more details.
⚠️ No se pudo firmar gs://tutor-unis/corpusmedicarama/Atención Integral al Paciente con Diabetes Mellitus/nuevo Atención integral al paciente con diabetes mellitus (DIA).pdf: you need a private key to sign credentials.the credentials you are currently using <class 'google.oauth2.credentials.Credentials'> just contains a token. see https://googleapis.dev/python/google-api-core/latest/auth.html#setting-up-a-service-account for more details.
  P30      fuentes=3 hit=0 t_recup=0.237s
⚠️ No se pudo firmar gs://tutor-unis/corpusmedicarama/Cuidados Cardíacos en el Paciente Paliativo/DOCUMENTACION_Cuidados_Cardiacos.pdf: you need a private key to sign credentials.the credentials you are currently using <class 'google.oauth2.credentials.Credentials'> just contains a token. see https://googleapis.dev/python/google-api-core/latest/auth.html#setting-up-a-service-account for more details.
⚠️ No se pudo firmar gs://tutor-unis/corpusmedicarama/Cuidados Cardíacos en el Paciente Paliativo/Cuidados_Cardiacos.pdf: you need a private key to sign credentials.the credentials you are currently using <class 'google.oauth2.credentials.Credentials'> just contains a token. see https://googleapis.dev/python/google-api-core/latest/auth.html#setting-up-a-service-account for more details.
  P31      fuentes=2 hit=0 t_recup=0.286s
⚠️ No se pudo firmar gs://tutor-unis/corpusmedicarama/Cuidados Cardíacos en el Paciente Paliativo/DOCUMENTACION_Cuidados_Cardiacos.pdf: you need a private key to sign credentials.the credentials you are currently using <class 'google.oauth2.credentials.Credentials'> just contains a token. see https://googleapis.dev/python/google-api-core/latest/auth.html#setting-up-a-service-account for more details.
⚠️ No se pudo firmar gs://tutor-unis/corpusmedicarama/Cuidados Cardíacos en el Paciente Paliativo/Cuidados_Cardiacos.pdf: you need a private key to sign credentials.the credentials you are currently using <class 'google.oauth2.credentials.Credentials'> just contains a token. see https://googleapis.dev/python/google-api-core/latest/auth.html#setting-up-a-service-account for more details.
  P32      fuentes=2 hit=0 t_recup=0.274s
⚠️ No se pudo firmar gs://tutor-unis/corpusmedicarama/Emergencias en la práctica deportiva/EMERGENCIAS_DEPORTE.pdf: you need a private key to sign credentials.the credentials you are currently using <class 'google.oauth2.credentials.Credentials'> just contains a token. see https://googleapis.dev/python/google-api-core/latest/auth.html#setting-up-a-service-account for more details.
  P33      fuentes=1 hit=0 t_recup=0.287s
⚠️ No se pudo firmar gs://tutor-unis/corpusmedicarama/Traumatismos y lesiones del sistema músculo-esqueletico en urgencias/Curso TRAUE.pdf: you need a private key to sign credentials.the credentials you are currently using <class 'google.oauth2.credentials.Credentials'> just contains a token. see https://googleapis.dev/python/google-api-core/latest/auth.html#setting-up-a-service-account for more details.
⚠️ No se pudo firmar gs://tutor-unis/corpusmedicarama/Traumatismos y lesiones del sistema músculo-esqueletico en urgencias/8.3 Traumatismos y lesiones.pdf: you need a private key to sign credentials.the credentials you are currently using <class 'google.oauth2.credentials.Credentials'> just contains a token. see https://googleapis.dev/python/google-api-core/latest/auth.html#setting-up-a-service-account for more details.
  P34      fuentes=2 hit=0 t_recup=0.247s
⚠️ No se pudo firmar gs://tutor-unis/corpusmedicarama/Ejercicio Terapéutico para Fisioterapeutas/EJERCICIO_TERAPÉUTICO_FISIOS.pdf: you need a private key to sign credentials.the credentials you are currently using <class 'google.oauth2.credentials.Credentials'> just contains a token. see https://googleapis.dev/python/google-api-core/latest/auth.html#setting-up-a-service-account for more details.
⚠️ No se pudo firmar gs://tutor-unis/corpusmedicarama/Ejercicio Terapéutico para Fisioterapeutas/DOCUMENTACION.pdf: you need a private key to sign credentials.the credentials you are currently using <class 'google.oauth2.credentials.Credentials'> just contains a token. see https://googleapis.dev/python/google-api-core/latest/auth.html#setting-up-a-service-account for more details.
  P35      fuentes=2 hit=0 t_recup=0.261s
⚠️ No se pudo firmar gs://tutor-unis/corpusmedicarama/Cuidados Cardíacos en el Paciente Paliativo/Cuidados_Cardiacos.pdf: you need a private key to sign credentials.the credentials you are currently using <class 'google.oauth2.credentials.Credentials'> just contains a token. see https://googleapis.dev/python/google-api-core/latest/auth.html#setting-up-a-service-account for more details.
⚠️ No se pudo firmar gs://tutor-unis/corpusmedicarama/Cuidados Cardíacos en el Paciente Paliativo/DOCUMENTACION_Cuidados_Cardiacos.pdf: you need a private key to sign credentials.the credentials you are currently using <class 'google.oauth2.credentials.Credentials'> just contains a token. see https://googleapis.dev/python/google-api-core/latest/auth.html#setting-up-a-service-account for more details.
  P36      fuentes=2 hit=0 t_recup=0.256s
  -> escrito evaluacion/resultados_recuperacion.csv  (36 filas)

=== RESUMEN: RECUPERACIÓN ===
Preguntas evaluadas        : 36
Cobertura (>=1 fuente)     : 94.4%
Hit@k (doc esperado)       : 19.4%  (n=36)
Latencia recuperación (s)  : media=0.303 mediana=0.259 p95=0.346
Latencia generación (s)    : media=6.048 mediana=5.177 p95=13.487
Tiempo al primer token (s) : media=4.550
